<?xml version="1.0" encoding="UTF-8"?>
<!-- Generated by org.testng.reporters.JUnitXMLReporter -->
<testsuite ignored="0" hostname="DESKTOP-S552G9G" failures="0" tests="2" name="Default test" time="38.596" errors="0" timestamp="24 Sept 2024 14:46:57 GMT">
  <testcase classname="com.bpl.hrm.employeetest.AssignProjectToEmployeeTest" name="assignProjectToEmployee" time="6.766"/>
  <testcase classname="com.bpl.hrm.employeetest.AssignProjectToEmployeeTest" name="modifyEmpDetailsTest" time="8.326"/>
</testsuite> <!-- Default test -->
