<?xml version="1.0" encoding="UTF-8"?>
<!-- Generated by org.testng.reporters.JUnitXMLReporter -->
<testsuite ignored="12" hostname="DESKTOP-S552G9G" failures="0" tests="3" name="Test" time="49.135" errors="0" timestamp="24 Sept 2024 04:32:23 GMT">
  <testcase classname="com.bpl.hrm.employeetest.AssignProjectToEmployeeTest" name="modifyEmpDetailsTest" time="7.768"/>
  <testcase classname="com.bpl.hrm.settingstest.BearerTokenGenerationTest" name="bearerTokenGeneration" time="0.53"/>
  <testcase classname="com.bpl.hrm.payrolltest.UpdatePayrollTest" name="updatePayroll" time="6.226"/>
  <testcase classname="com.bpl.hrm.employeetest.AssignProjectToEmployeeTest" name="assignProjectToEmployee" time="0.0">
    <ignored/>
  </testcase> <!-- assignProjectToEmployee -->
  <testcase classname="com.bpl.hrm.basetest.BaseClass" name="@BeforeSuite configBS" time="0.0">
    <ignored/>
  </testcase> <!-- @BeforeSuite configBS -->
  <testcase classname="com.bpl.hrm.basetest.BaseClass" name="@BeforeSuite configBS" time="0.0">
    <ignored/>
  </testcase> <!-- @BeforeSuite configBS -->
  <testcase classname="com.bpl.hrm.basetest.BaseClass" name="@BeforeSuite configBS" time="0.0">
    <ignored/>
  </testcase> <!-- @BeforeSuite configBS -->
  <testcase classname="com.bpl.hrm.basetest.BaseClass" name="@BeforeSuite configBS" time="0.0">
    <ignored/>
  </testcase> <!-- @BeforeSuite configBS -->
  <testcase classname="com.bpl.hrm.resourcestest.DownloadFileFromResourcesTest" name="downloadExcelFile" time="0.0">
    <ignored/>
  </testcase> <!-- downloadExcelFile -->
  <testcase classname="com.bpl.hrm.projectstest.ProjectsTest" name="deleteProject" time="0.0">
    <ignored/>
  </testcase> <!-- deleteProject -->
  <testcase classname="com.bpl.hrm.basetest.BaseClass" name="@AfterSuite configAS" time="0.0">
    <ignored/>
  </testcase> <!-- @AfterSuite configAS -->
  <testcase classname="com.bpl.hrm.basetest.BaseClass" name="@AfterSuite configAS" time="0.0">
    <ignored/>
  </testcase> <!-- @AfterSuite configAS -->
  <testcase classname="com.bpl.hrm.basetest.BaseClass" name="@AfterSuite configAS" time="0.0">
    <ignored/>
  </testcase> <!-- @AfterSuite configAS -->
  <testcase classname="com.bpl.hrm.basetest.BaseClass" name="@AfterSuite configAS" time="0.0">
    <ignored/>
  </testcase> <!-- @AfterSuite configAS -->
  <testcase classname="com.bpl.hrm.projectstest.ProjectsTest" name="exportProjectDetails" time="0.0">
    <ignored/>
  </testcase> <!-- exportProjectDetails -->
</testsuite> <!-- Test -->
