<?xml version="1.0" encoding="UTF-8"?>
<testng-results ignored="13" total="15" passed="2" failed="0" skipped="0">
  <reporter-output>
  </reporter-output>
  <suite started-at="2024-09-24T14:50:51Z" name="Suite" finished-at="2024-09-24T14:51:24Z" duration-ms="33559">
    <groups>
      <group name="smokeTest">
        <method signature="ProjectsTest.deleteProject()[pri:0, instance:com.bpl.hrm.projectstest.ProjectsTest@7a5ceedd]" name="deleteProject" class="com.bpl.hrm.projectstest.ProjectsTest"/>
        <method signature="ProjectsTest.exportProjectDetails()[pri:0, instance:com.bpl.hrm.projectstest.ProjectsTest@7a5ceedd]" name="exportProjectDetails" class="com.bpl.hrm.projectstest.ProjectsTest"/>
      </group> <!-- smokeTest -->
    </groups>
    <test started-at="2024-09-24T14:50:51Z" name="Test" finished-at="2024-09-24T14:51:24Z" duration-ms="33559">
      <class name="com.bpl.hrm.projectstest.ProjectsTest">
        <test-method is-config="true" signature="configBC()[pri:0, instance:com.bpl.hrm.projectstest.ProjectsTest@7a5ceedd]" started-at="2024-09-24T14:50:51Z" name="configBC" finished-at="2024-09-24T14:50:56Z" duration-ms="5206" status="PASS">
          <reporter-output>
          </reporter-output>
        </test-method> <!-- configBC -->
        <test-method is-config="true" signature="configBM()[pri:0, instance:com.bpl.hrm.projectstest.ProjectsTest@7a5ceedd]" started-at="2024-09-24T14:50:56Z" name="configBM" finished-at="2024-09-24T14:50:58Z" duration-ms="2409" status="PASS">
          <reporter-output>
          </reporter-output>
        </test-method> <!-- configBM -->
        <test-method signature="deleteProject()[pri:0, instance:com.bpl.hrm.projectstest.ProjectsTest@7a5ceedd]" started-at="2024-09-24T14:50:58Z" name="deleteProject" finished-at="2024-09-24T14:51:05Z" duration-ms="6604" status="PASS">
          <reporter-output>
          </reporter-output>
        </test-method> <!-- deleteProject -->
        <test-method is-config="true" signature="configAM()[pri:0, instance:com.bpl.hrm.projectstest.ProjectsTest@7a5ceedd]" started-at="2024-09-24T14:51:05Z" name="configAM" finished-at="2024-09-24T14:51:11Z" duration-ms="6537" status="PASS">
          <reporter-output>
          </reporter-output>
        </test-method> <!-- configAM -->
        <test-method is-config="true" signature="configBM()[pri:0, instance:com.bpl.hrm.projectstest.ProjectsTest@7a5ceedd]" started-at="2024-09-24T14:51:11Z" name="configBM" finished-at="2024-09-24T14:51:14Z" duration-ms="2348" status="PASS">
          <reporter-output>
          </reporter-output>
        </test-method> <!-- configBM -->
        <test-method signature="exportProjectDetails()[pri:0, instance:com.bpl.hrm.projectstest.ProjectsTest@7a5ceedd]" started-at="2024-09-24T14:51:14Z" name="exportProjectDetails" finished-at="2024-09-24T14:51:15Z" duration-ms="1088" status="PASS">
          <reporter-output>
          </reporter-output>
        </test-method> <!-- exportProjectDetails -->
        <test-method is-config="true" signature="configAM()[pri:0, instance:com.bpl.hrm.projectstest.ProjectsTest@7a5ceedd]" started-at="2024-09-24T14:51:15Z" name="configAM" finished-at="2024-09-24T14:51:23Z" duration-ms="8525" status="PASS">
          <reporter-output>
          </reporter-output>
        </test-method> <!-- configAM -->
        <test-method is-config="true" signature="configAC()[pri:0, instance:com.bpl.hrm.projectstest.ProjectsTest@7a5ceedd]" started-at="2024-09-24T14:51:23Z" name="configAC" finished-at="2024-09-24T14:51:24Z" duration-ms="786" status="PASS">
          <reporter-output>
          </reporter-output>
        </test-method> <!-- configAC -->
      </class> <!-- com.bpl.hrm.projectstest.ProjectsTest -->
      <class name="com.bpl.hrm.employeetest.AssignProjectToEmployeeTest">
        <test-method is-config="true" signature="configBS()[pri:0, instance:com.bpl.hrm.employeetest.AssignProjectToEmployeeTest@6f53b8a]" started-at="2024-09-24T14:50:50Z" name="configBS" finished-at="2024-09-24T14:50:51Z" duration-ms="354" status="PASS">
          <reporter-output>
          </reporter-output>
        </test-method> <!-- configBS -->
        <test-method is-config="true" signature="configAS()[pri:0, instance:com.bpl.hrm.employeetest.AssignProjectToEmployeeTest@6f53b8a]" started-at="2024-09-24T14:51:24Z" name="configAS" finished-at="2024-09-24T14:51:24Z" duration-ms="19" status="PASS">
          <reporter-output>
          </reporter-output>
        </test-method> <!-- configAS -->
      </class> <!-- com.bpl.hrm.employeetest.AssignProjectToEmployeeTest -->
    </test> <!-- Test -->
  </suite> <!-- Suite -->
</testng-results>
